[25-Mar-2019 19:45:11 UTC] PHP Fatal error:  Uncaught exception 'PDOException' with message 'SQLSTATE[3D000]: Invalid catalog name: 1046 No database selected' in /home/ubuntu/workspace/practice/p6/connect.php:20
Stack trace:
#0 /home/ubuntu/workspace/practice/p6/connect.php(20): PDO->prepare('select * from m...')
#1 /home/ubuntu/workspace/practice/p6/connect.php(27): getDBConnection()
#2 {main}
  thrown in /home/ubuntu/workspace/practice/p6/connect.php on line 20
[25-Mar-2019 20:10:06 UTC] PHP Fatal error:  Call to a member function prepare() on a non-object in /home/ubuntu/workspace/practice/p7/getAll.php on line 6
[25-Mar-2019 20:10:06 UTC] PHP Stack trace:
[25-Mar-2019 20:10:06 UTC] PHP   1. {main}() /home/ubuntu/workspace/practice/p7/getAll.php:0
[29-Apr-2019 19:37:13 UTC] PHP Parse error:  syntax error, unexpected '*' in /home/ubuntu/workspace/practice/p10/checkAnswer.php on line 22
[29-Apr-2019 19:38:16 UTC] PHP Parse error:  syntax error, unexpected '*' in /home/ubuntu/workspace/practice/p10/checkAnswer.php on line 24
[29-Apr-2019 19:39:52 UTC] PHP Parse error:  syntax error, unexpected '*' in /home/ubuntu/workspace/practice/p10/checkAnswer.php on line 24
[29-Apr-2019 19:40:21 UTC] PHP Fatal error:  Uncaught exception 'PDOException' with message 'SQLSTATE[42000]: Syntax error or access violation: 1064 You have an error in your SQL syntax; check the manual that corresponds to your MySQL server version for the right syntax to use near 'IF NOT EXISTS ( SELECT 1 FROM quiz WHERE email = 'cvitale@csumb.edu' )
BEGIN
   ' at line 1' in /home/ubuntu/workspace/practice/p10/checkAnswer.php:18
Stack trace:
#0 /home/ubuntu/workspace/practice/p10/checkAnswer.php(18): PDO->query('?IF NOT EXISTS ...')
#1 {main}
  thrown in /home/ubuntu/workspace/practice/p10/checkAnswer.php on line 18
[29-Apr-2019 19:41:54 UTC] PHP Fatal error:  Uncaught exception 'PDOException' with message 'SQLSTATE[42000]: Syntax error or access violation: 1064 You have an error in your SQL syntax; check the manual that corresponds to your MySQL server version for the right syntax to use near 'IF NOT EXISTS ( SELECT 1 FROM `quiz` WHERE `email` = 'cvitale@csumb.edu' )
BEGIN' at line 1' in /home/ubuntu/workspace/practice/p10/checkAnswer.php:18
Stack trace:
#0 /home/ubuntu/workspace/practice/p10/checkAnswer.php(18): PDO->query('?IF NOT EXISTS ...')
#1 {main}
  thrown in /home/ubuntu/workspace/practice/p10/checkAnswer.php on line 18
[29-Apr-2019 19:44:14 UTC] PHP Fatal error:  Uncaught exception 'PDOException' with message 'SQLSTATE[42000]: Syntax error or access violation: 1064 You have an error in your SQL syntax; check the manual that corresponds to your MySQL server version for the right syntax to use near 'IF NOT EXISTS ( SELECT * 1 FROM quiz WHERE email = 'cvitale@csumb.edu' )
BEGIN
 ' at line 1' in /home/ubuntu/workspace/practice/p10/checkAnswer.php:18
Stack trace:
#0 /home/ubuntu/workspace/practice/p10/checkAnswer.php(18): PDO->query('?IF NOT EXISTS ...')
#1 {main}
  thrown in /home/ubuntu/workspace/practice/p10/checkAnswer.php on line 18
[29-Apr-2019 20:19:47 UTC] PHP Parse error:  syntax error, unexpected '$emailV' (T_VARIABLE) in /home/ubuntu/workspace/practice/p10/checkAnswer.php on line 12
[29-Apr-2019 20:21:04 UTC] PHP Parse error:  syntax error, unexpected 'if' (T_IF) in /home/ubuntu/workspace/practice/p10/checkAnswer.php on line 17
[29-Apr-2019 20:22:05 UTC] PHP Fatal error:  Uncaught exception 'PDOException' with message 'SQLSTATE[42000]: Syntax error or access violation: 1064 You have an error in your SQL syntax; check the manual that corresponds to your MySQL server version for the right syntax to use near '@csumb.edu' at line 1' in /home/ubuntu/workspace/practice/p10/checkAnswer.php:14
Stack trace:
#0 /home/ubuntu/workspace/practice/p10/checkAnswer.php(14): PDOStatement->execute()
#1 {main}
  thrown in /home/ubuntu/workspace/practice/p10/checkAnswer.php on line 14
[29-Apr-2019 20:23:38 UTC] PHP Fatal error:  Uncaught exception 'PDOException' with message 'SQLSTATE[42S22]: Column not found: 1054 Unknown column 'cvitale' in 'where clause'' in /home/ubuntu/workspace/practice/p10/checkAnswer.php:14
Stack trace:
#0 /home/ubuntu/workspace/practice/p10/checkAnswer.php(14): PDOStatement->execute()
#1 {main}
  thrown in /home/ubuntu/workspace/practice/p10/checkAnswer.php on line 14
[29-Apr-2019 20:27:15 UTC] PHP Parse error:  syntax error, unexpected '$emailV' (T_VARIABLE) in /home/ubuntu/workspace/practice/p10/checkAnswer.php on line 11
[29-Apr-2019 20:27:51 UTC] PHP Fatal error:  Uncaught exception 'PDOException' with message 'SQLSTATE[42S22]: Column not found: 1054 Unknown column 'cvitale67' in 'where clause'' in /home/ubuntu/workspace/practice/p10/checkAnswer.php:14
Stack trace:
#0 /home/ubuntu/workspace/practice/p10/checkAnswer.php(14): PDOStatement->execute()
#1 {main}
  thrown in /home/ubuntu/workspace/practice/p10/checkAnswer.php on line 14
[29-Apr-2019 20:28:28 UTC] PHP Fatal error:  Uncaught exception 'PDOException' with message 'SQLSTATE[42000]: Syntax error or access violation: 1064 You have an error in your SQL syntax; check the manual that corresponds to your MySQL server version for the right syntax to use near '@csumb.edu' at line 1' in /home/ubuntu/workspace/practice/p10/checkAnswer.php:14
Stack trace:
#0 /home/ubuntu/workspace/practice/p10/checkAnswer.php(14): PDOStatement->execute()
#1 {main}
  thrown in /home/ubuntu/workspace/practice/p10/checkAnswer.php on line 14
