[27-Mar-2019 21:31:34 UTC] PHP Fatal error:  Uncaught exception 'PDOException' with message 'SQLSTATE[42000]: Syntax error or access violation: 1064 You have an error in your SQL syntax; check the manual that corresponds to your MySQL server version for the right syntax to use near 'match ORDER BY user_id' at line 1' in /home/ubuntu/workspace/midterm/getMatch.php:9
Stack trace:
#0 /home/ubuntu/workspace/midterm/getMatch.php(9): PDOStatement->execute()
#1 {main}
  thrown in /home/ubuntu/workspace/midterm/getMatch.php on line 9
[27-Mar-2019 21:31:36 UTC] PHP Fatal error:  Uncaught exception 'PDOException' with message 'SQLSTATE[42000]: Syntax error or access violation: 1064 You have an error in your SQL syntax; check the manual that corresponds to your MySQL server version for the right syntax to use near 'match ORDER BY user_id' at line 1' in /home/ubuntu/workspace/midterm/getMatch.php:9
Stack trace:
#0 /home/ubuntu/workspace/midterm/getMatch.php(9): PDOStatement->execute()
#1 {main}
  thrown in /home/ubuntu/workspace/midterm/getMatch.php on line 9
[27-Mar-2019 21:31:37 UTC] PHP Fatal error:  Uncaught exception 'PDOException' with message 'SQLSTATE[42000]: Syntax error or access violation: 1064 You have an error in your SQL syntax; check the manual that corresponds to your MySQL server version for the right syntax to use near 'match ORDER BY user_id' at line 1' in /home/ubuntu/workspace/midterm/getMatch.php:9
Stack trace:
#0 /home/ubuntu/workspace/midterm/getMatch.php(9): PDOStatement->execute()
#1 {main}
  thrown in /home/ubuntu/workspace/midterm/getMatch.php on line 9
[27-Mar-2019 21:31:38 UTC] PHP Fatal error:  Uncaught exception 'PDOException' with message 'SQLSTATE[42000]: Syntax error or access violation: 1064 You have an error in your SQL syntax; check the manual that corresponds to your MySQL server version for the right syntax to use near 'match ORDER BY user_id' at line 1' in /home/ubuntu/workspace/midterm/getMatch.php:9
Stack trace:
#0 /home/ubuntu/workspace/midterm/getMatch.php(9): PDOStatement->execute()
#1 {main}
  thrown in /home/ubuntu/workspace/midterm/getMatch.php on line 9
[27-Mar-2019 21:31:39 UTC] PHP Fatal error:  Uncaught exception 'PDOException' with message 'SQLSTATE[42000]: Syntax error or access violation: 1064 You have an error in your SQL syntax; check the manual that corresponds to your MySQL server version for the right syntax to use near 'match ORDER BY user_id' at line 1' in /home/ubuntu/workspace/midterm/getMatch.php:9
Stack trace:
#0 /home/ubuntu/workspace/midterm/getMatch.php(9): PDOStatement->execute()
#1 {main}
  thrown in /home/ubuntu/workspace/midterm/getMatch.php on line 9
[27-Mar-2019 21:31:39 UTC] PHP Fatal error:  Uncaught exception 'PDOException' with message 'SQLSTATE[42000]: Syntax error or access violation: 1064 You have an error in your SQL syntax; check the manual that corresponds to your MySQL server version for the right syntax to use near 'match ORDER BY user_id' at line 1' in /home/ubuntu/workspace/midterm/getMatch.php:9
Stack trace:
#0 /home/ubuntu/workspace/midterm/getMatch.php(9): PDOStatement->execute()
#1 {main}
  thrown in /home/ubuntu/workspace/midterm/getMatch.php on line 9
[27-Mar-2019 21:31:40 UTC] PHP Fatal error:  Uncaught exception 'PDOException' with message 'SQLSTATE[42000]: Syntax error or access violation: 1064 You have an error in your SQL syntax; check the manual that corresponds to your MySQL server version for the right syntax to use near 'match ORDER BY user_id' at line 1' in /home/ubuntu/workspace/midterm/getMatch.php:9
Stack trace:
#0 /home/ubuntu/workspace/midterm/getMatch.php(9): PDOStatement->execute()
#1 {main}
  thrown in /home/ubuntu/workspace/midterm/getMatch.php on line 9
[27-Mar-2019 21:31:40 UTC] PHP Fatal error:  Uncaught exception 'PDOException' with message 'SQLSTATE[42000]: Syntax error or access violation: 1064 You have an error in your SQL syntax; check the manual that corresponds to your MySQL server version for the right syntax to use near 'match ORDER BY user_id' at line 1' in /home/ubuntu/workspace/midterm/getMatch.php:9
Stack trace:
#0 /home/ubuntu/workspace/midterm/getMatch.php(9): PDOStatement->execute()
#1 {main}
  thrown in /home/ubuntu/workspace/midterm/getMatch.php on line 9
[27-Mar-2019 21:31:41 UTC] PHP Fatal error:  Uncaught exception 'PDOException' with message 'SQLSTATE[42000]: Syntax error or access violation: 1064 You have an error in your SQL syntax; check the manual that corresponds to your MySQL server version for the right syntax to use near 'match ORDER BY user_id' at line 1' in /home/ubuntu/workspace/midterm/getMatch.php:9
Stack trace:
#0 /home/ubuntu/workspace/midterm/getMatch.php(9): PDOStatement->execute()
#1 {main}
  thrown in /home/ubuntu/workspace/midterm/getMatch.php on line 9
[27-Mar-2019 21:31:41 UTC] PHP Fatal error:  Uncaught exception 'PDOException' with message 'SQLSTATE[42000]: Syntax error or access violation: 1064 You have an error in your SQL syntax; check the manual that corresponds to your MySQL server version for the right syntax to use near 'match ORDER BY user_id' at line 1' in /home/ubuntu/workspace/midterm/getMatch.php:9
Stack trace:
#0 /home/ubuntu/workspace/midterm/getMatch.php(9): PDOStatement->execute()
#1 {main}
  thrown in /home/ubuntu/workspace/midterm/getMatch.php on line 9
[27-Mar-2019 21:31:42 UTC] PHP Fatal error:  Uncaught exception 'PDOException' with message 'SQLSTATE[42000]: Syntax error or access violation: 1064 You have an error in your SQL syntax; check the manual that corresponds to your MySQL server version for the right syntax to use near 'match ORDER BY user_id' at line 1' in /home/ubuntu/workspace/midterm/getMatch.php:9
Stack trace:
#0 /home/ubuntu/workspace/midterm/getMatch.php(9): PDOStatement->execute()
#1 {main}
  thrown in /home/ubuntu/workspace/midterm/getMatch.php on line 9
[27-Mar-2019 21:32:02 UTC] PHP Fatal error:  Uncaught exception 'PDOException' with message 'SQLSTATE[42000]: Syntax error or access violation: 1064 You have an error in your SQL syntax; check the manual that corresponds to your MySQL server version for the right syntax to use near 'match ORDER BY user_id' at line 1' in /home/ubuntu/workspace/midterm/getMatch.php:9
Stack trace:
#0 /home/ubuntu/workspace/midterm/getMatch.php(9): PDOStatement->execute()
#1 {main}
  thrown in /home/ubuntu/workspace/midterm/getMatch.php on line 9
[27-Mar-2019 21:32:03 UTC] PHP Fatal error:  Uncaught exception 'PDOException' with message 'SQLSTATE[42000]: Syntax error or access violation: 1064 You have an error in your SQL syntax; check the manual that corresponds to your MySQL server version for the right syntax to use near 'match ORDER BY user_id' at line 1' in /home/ubuntu/workspace/midterm/getMatch.php:9
Stack trace:
#0 /home/ubuntu/workspace/midterm/getMatch.php(9): PDOStatement->execute()
#1 {main}
  thrown in /home/ubuntu/workspace/midterm/getMatch.php on line 9
[27-Mar-2019 21:32:39 UTC] PHP Fatal error:  Uncaught exception 'PDOException' with message 'SQLSTATE[42000]: Syntax error or access violation: 1064 You have an error in your SQL syntax; check the manual that corresponds to your MySQL server version for the right syntax to use near 'match ORDER BY user_id' at line 1' in /home/ubuntu/workspace/midterm/getMatch.php:9
Stack trace:
#0 /home/ubuntu/workspace/midterm/getMatch.php(9): PDOStatement->execute()
#1 {main}
  thrown in /home/ubuntu/workspace/midterm/getMatch.php on line 9
[27-Mar-2019 21:32:40 UTC] PHP Fatal error:  Uncaught exception 'PDOException' with message 'SQLSTATE[42000]: Syntax error or access violation: 1064 You have an error in your SQL syntax; check the manual that corresponds to your MySQL server version for the right syntax to use near 'match ORDER BY user_id' at line 1' in /home/ubuntu/workspace/midterm/getMatch.php:9
Stack trace:
#0 /home/ubuntu/workspace/midterm/getMatch.php(9): PDOStatement->execute()
#1 {main}
  thrown in /home/ubuntu/workspace/midterm/getMatch.php on line 9
[27-Mar-2019 21:33:09 UTC] PHP Fatal error:  Uncaught exception 'PDOException' with message 'SQLSTATE[42000]: Syntax error or access violation: 1064 You have an error in your SQL syntax; check the manual that corresponds to your MySQL server version for the right syntax to use near 'match ORDER BY user_id' at line 1' in /home/ubuntu/workspace/midterm/getMatch.php:9
Stack trace:
#0 /home/ubuntu/workspace/midterm/getMatch.php(9): PDOStatement->execute()
#1 {main}
  thrown in /home/ubuntu/workspace/midterm/getMatch.php on line 9
[27-Mar-2019 21:33:10 UTC] PHP Fatal error:  Uncaught exception 'PDOException' with message 'SQLSTATE[42000]: Syntax error or access violation: 1064 You have an error in your SQL syntax; check the manual that corresponds to your MySQL server version for the right syntax to use near 'match ORDER BY user_id' at line 1' in /home/ubuntu/workspace/midterm/getMatch.php:9
Stack trace:
#0 /home/ubuntu/workspace/midterm/getMatch.php(9): PDOStatement->execute()
#1 {main}
  thrown in /home/ubuntu/workspace/midterm/getMatch.php on line 9
[27-Mar-2019 21:33:11 UTC] PHP Fatal error:  Uncaught exception 'PDOException' with message 'SQLSTATE[42000]: Syntax error or access violation: 1064 You have an error in your SQL syntax; check the manual that corresponds to your MySQL server version for the right syntax to use near 'match ORDER BY user_id' at line 1' in /home/ubuntu/workspace/midterm/getMatch.php:9
Stack trace:
#0 /home/ubuntu/workspace/midterm/getMatch.php(9): PDOStatement->execute()
#1 {main}
  thrown in /home/ubuntu/workspace/midterm/getMatch.php on line 9
[27-Mar-2019 21:33:11 UTC] PHP Fatal error:  Uncaught exception 'PDOException' with message 'SQLSTATE[42000]: Syntax error or access violation: 1064 You have an error in your SQL syntax; check the manual that corresponds to your MySQL server version for the right syntax to use near 'match ORDER BY user_id' at line 1' in /home/ubuntu/workspace/midterm/getMatch.php:9
Stack trace:
#0 /home/ubuntu/workspace/midterm/getMatch.php(9): PDOStatement->execute()
#1 {main}
  thrown in /home/ubuntu/workspace/midterm/getMatch.php on line 9
[27-Mar-2019 21:33:12 UTC] PHP Fatal error:  Uncaught exception 'PDOException' with message 'SQLSTATE[42000]: Syntax error or access violation: 1064 You have an error in your SQL syntax; check the manual that corresponds to your MySQL server version for the right syntax to use near 'match ORDER BY user_id' at line 1' in /home/ubuntu/workspace/midterm/getMatch.php:9
Stack trace:
#0 /home/ubuntu/workspace/midterm/getMatch.php(9): PDOStatement->execute()
#1 {main}
  thrown in /home/ubuntu/workspace/midterm/getMatch.php on line 9
[27-Mar-2019 21:33:12 UTC] PHP Fatal error:  Uncaught exception 'PDOException' with message 'SQLSTATE[42000]: Syntax error or access violation: 1064 You have an error in your SQL syntax; check the manual that corresponds to your MySQL server version for the right syntax to use near 'match ORDER BY user_id' at line 1' in /home/ubuntu/workspace/midterm/getMatch.php:9
Stack trace:
#0 /home/ubuntu/workspace/midterm/getMatch.php(9): PDOStatement->execute()
#1 {main}
  thrown in /home/ubuntu/workspace/midterm/getMatch.php on line 9
[27-Mar-2019 21:33:13 UTC] PHP Fatal error:  Uncaught exception 'PDOException' with message 'SQLSTATE[42000]: Syntax error or access violation: 1064 You have an error in your SQL syntax; check the manual that corresponds to your MySQL server version for the right syntax to use near 'match ORDER BY user_id' at line 1' in /home/ubuntu/workspace/midterm/getMatch.php:9
Stack trace:
#0 /home/ubuntu/workspace/midterm/getMatch.php(9): PDOStatement->execute()
#1 {main}
  thrown in /home/ubuntu/workspace/midterm/getMatch.php on line 9
[27-Mar-2019 21:33:14 UTC] PHP Fatal error:  Uncaught exception 'PDOException' with message 'SQLSTATE[42000]: Syntax error or access violation: 1064 You have an error in your SQL syntax; check the manual that corresponds to your MySQL server version for the right syntax to use near 'match ORDER BY user_id' at line 1' in /home/ubuntu/workspace/midterm/getMatch.php:9
Stack trace:
#0 /home/ubuntu/workspace/midterm/getMatch.php(9): PDOStatement->execute()
#1 {main}
  thrown in /home/ubuntu/workspace/midterm/getMatch.php on line 9
[27-Mar-2019 21:33:14 UTC] PHP Fatal error:  Uncaught exception 'PDOException' with message 'SQLSTATE[42000]: Syntax error or access violation: 1064 You have an error in your SQL syntax; check the manual that corresponds to your MySQL server version for the right syntax to use near 'match ORDER BY user_id' at line 1' in /home/ubuntu/workspace/midterm/getMatch.php:9
Stack trace:
#0 /home/ubuntu/workspace/midterm/getMatch.php(9): PDOStatement->execute()
#1 {main}
  thrown in /home/ubuntu/workspace/midterm/getMatch.php on line 9
[27-Mar-2019 21:34:39 UTC] PHP Fatal error:  Uncaught exception 'PDOException' with message 'SQLSTATE[42000]: Syntax error or access violation: 1064 You have an error in your SQL syntax; check the manual that corresponds to your MySQL server version for the right syntax to use near 'match ORDER BY user_id' at line 1' in /home/ubuntu/workspace/midterm/getMatch.php:9
Stack trace:
#0 /home/ubuntu/workspace/midterm/getMatch.php(9): PDOStatement->execute()
#1 {main}
  thrown in /home/ubuntu/workspace/midterm/getMatch.php on line 9
[27-Mar-2019 21:34:42 UTC] PHP Fatal error:  Uncaught exception 'PDOException' with message 'SQLSTATE[42000]: Syntax error or access violation: 1064 You have an error in your SQL syntax; check the manual that corresponds to your MySQL server version for the right syntax to use near 'match ORDER BY user_id' at line 1' in /home/ubuntu/workspace/midterm/getMatch.php:9
Stack trace:
#0 /home/ubuntu/workspace/midterm/getMatch.php(9): PDOStatement->execute()
#1 {main}
  thrown in /home/ubuntu/workspace/midterm/getMatch.php on line 9
[27-Mar-2019 21:34:43 UTC] PHP Fatal error:  Uncaught exception 'PDOException' with message 'SQLSTATE[42000]: Syntax error or access violation: 1064 You have an error in your SQL syntax; check the manual that corresponds to your MySQL server version for the right syntax to use near 'match ORDER BY user_id' at line 1' in /home/ubuntu/workspace/midterm/getMatch.php:9
Stack trace:
#0 /home/ubuntu/workspace/midterm/getMatch.php(9): PDOStatement->execute()
#1 {main}
  thrown in /home/ubuntu/workspace/midterm/getMatch.php on line 9
[27-Mar-2019 21:36:00 UTC] PHP Fatal error:  Uncaught exception 'PDOException' with message 'SQLSTATE[42000]: Syntax error or access violation: 1064 You have an error in your SQL syntax; check the manual that corresponds to your MySQL server version for the right syntax to use near 'match ORDER BY user_id' at line 1' in /home/ubuntu/workspace/midterm/getMatch.php:9
Stack trace:
#0 /home/ubuntu/workspace/midterm/getMatch.php(9): PDOStatement->execute()
#1 {main}
  thrown in /home/ubuntu/workspace/midterm/getMatch.php on line 9
[27-Mar-2019 21:36:01 UTC] PHP Fatal error:  Uncaught exception 'PDOException' with message 'SQLSTATE[42000]: Syntax error or access violation: 1064 You have an error in your SQL syntax; check the manual that corresponds to your MySQL server version for the right syntax to use near 'match ORDER BY user_id' at line 1' in /home/ubuntu/workspace/midterm/getMatch.php:9
Stack trace:
#0 /home/ubuntu/workspace/midterm/getMatch.php(9): PDOStatement->execute()
#1 {main}
  thrown in /home/ubuntu/workspace/midterm/getMatch.php on line 9
[27-Mar-2019 21:40:05 UTC] PHP Fatal error:  Uncaught exception 'PDOException' with message 'SQLSTATE[42000]: Syntax error or access violation: 1064 You have an error in your SQL syntax; check the manual that corresponds to your MySQL server version for the right syntax to use near 'match' at line 1' in /home/ubuntu/workspace/midterm/getMatch.php:9
Stack trace:
#0 /home/ubuntu/workspace/midterm/getMatch.php(9): PDOStatement->execute()
#1 {main}
  thrown in /home/ubuntu/workspace/midterm/getMatch.php on line 9
[27-Mar-2019 21:41:24 UTC] PHP Fatal error:  Uncaught exception 'PDOException' with message 'SQLSTATE[42000]: Syntax error or access violation: 1064 You have an error in your SQL syntax; check the manual that corresponds to your MySQL server version for the right syntax to use near 'match ORDER BY user_id' at line 1' in /home/ubuntu/workspace/midterm/getMatch.php:9
Stack trace:
#0 /home/ubuntu/workspace/midterm/getMatch.php(9): PDOStatement->execute()
#1 {main}
  thrown in /home/ubuntu/workspace/midterm/getMatch.php on line 9
[27-Mar-2019 21:42:15 UTC] PHP Fatal error:  Uncaught exception 'PDOException' with message 'SQLSTATE[42000]: Syntax error or access violation: 1064 You have an error in your SQL syntax; check the manual that corresponds to your MySQL server version for the right syntax to use near ''match' ORDER BY user_id' at line 1' in /home/ubuntu/workspace/midterm/getMatch.php:9
Stack trace:
#0 /home/ubuntu/workspace/midterm/getMatch.php(9): PDOStatement->execute()
#1 {main}
  thrown in /home/ubuntu/workspace/midterm/getMatch.php on line 9
[27-Mar-2019 21:43:04 UTC] PHP Fatal error:  Uncaught exception 'PDOException' with message 'SQLSTATE[42000]: Syntax error or access violation: 1064 You have an error in your SQL syntax; check the manual that corresponds to your MySQL server version for the right syntax to use near 'match ORDER BY user_id' at line 1' in /home/ubuntu/workspace/midterm/getMatch.php:9
Stack trace:
#0 /home/ubuntu/workspace/midterm/getMatch.php(9): PDOStatement->execute()
#1 {main}
  thrown in /home/ubuntu/workspace/midterm/getMatch.php on line 9
[30-Apr-2019 22:58:51 UTC] PHP Warning:  POST Content-Length of 24798829 bytes exceeds the limit of 8388608 bytes in Unknown on line 0
[13-May-2019 05:56:57 UTC] PHP Fatal error:  Uncaught exception 'PDOException' with message 'SQLSTATE[23000]: Integrity constraint violation: 1062 Duplicate entry '00:00:00' for key 'start'' in /home/ubuntu/workspace/final/insert.php:9
Stack trace:
#0 /home/ubuntu/workspace/final/insert.php(9): PDO->query('INSERT INTO `ti...')
#1 {main}
  thrown in /home/ubuntu/workspace/final/insert.php on line 9
[13-May-2019 06:04:05 UTC] PHP Fatal error:  Uncaught exception 'PDOException' with message 'SQLSTATE[23000]: Integrity constraint violation: 1062 Duplicate entry '00:00:00' for key 'start'' in /home/ubuntu/workspace/final/insert.php:9
Stack trace:
#0 /home/ubuntu/workspace/final/insert.php(9): PDO->query('INSERT INTO `ti...')
#1 {main}
  thrown in /home/ubuntu/workspace/final/insert.php on line 9
[13-May-2019 06:04:17 UTC] PHP Fatal error:  Uncaught exception 'PDOException' with message 'SQLSTATE[23000]: Integrity constraint violation: 1062 Duplicate entry '00:00:00' for key 'start'' in /home/ubuntu/workspace/final/insert.php:9
Stack trace:
#0 /home/ubuntu/workspace/final/insert.php(9): PDO->query('INSERT INTO `ti...')
#1 {main}
  thrown in /home/ubuntu/workspace/final/insert.php on line 9
[13-May-2019 06:04:25 UTC] PHP Fatal error:  Uncaught exception 'PDOException' with message 'SQLSTATE[23000]: Integrity constraint violation: 1062 Duplicate entry '00:00:00' for key 'start'' in /home/ubuntu/workspace/final/insert.php:9
Stack trace:
#0 /home/ubuntu/workspace/final/insert.php(9): PDO->query('INSERT INTO `ti...')
#1 {main}
  thrown in /home/ubuntu/workspace/final/insert.php on line 9
[13-May-2019 06:21:26 UTC] PHP Fatal error:  Uncaught exception 'PDOException' with message 'SQLSTATE[23000]: Integrity constraint violation: 1062 Duplicate entry '09:06:00' for key 'start'' in /home/ubuntu/workspace/final/insert.php:9
Stack trace:
#0 /home/ubuntu/workspace/final/insert.php(9): PDO->query('INSERT INTO `ti...')
#1 {main}
  thrown in /home/ubuntu/workspace/final/insert.php on line 9
